<?xml version="1.0" encoding="UTF-8"?>
<testsuite name="Test" tests="1" skipped="0" failures="0" errors="0" timestamp="2023-04-20T02:15:46" hostname="lh-Inspiron-7560" time="0.018">
  <properties/>
  <testcase name="name()" classname="Test" time="0.018"/>
  <system-out><![CDATA[test name
]]></system-out>
  <system-err><![CDATA[]]></system-err>
</testsuite>
